2025-03-21 17:34:02,684 - pyswarms.single.global_best - INFO - Optimize for 100 iters with {'c1': 1.5, 'c2': 1.5, 'w': 0.5}
2025-03-21 17:34:03,370 - pyswarms.single.global_best - INFO - Optimization finished | best cost: 647558.7608089065, best pos: [1.72124131e+03 2.18946081e+03 1.39912670e+03 2.45218358e+03
 1.80812087e+03 1.65443174e+03 1.58447490e+03 1.41833646e+03
 1.45056834e+03 1.56325389e+03 1.25628023e+03 1.31495585e+03
 1.13016200e+00 5.51856049e-03 2.69000142e+00 5.70456925e-01
 5.24214431e-01 2.10188637e-01 4.47473043e-01 3.00637064e+00
 4.66287908e-01 4.85028126e-01 1.77674338e+00 5.94893274e-01]
2025-03-21 17:39:39,173 - pyswarms.single.global_best - INFO - Optimize for 100 iters with {'c1': 1.5, 'c2': 1.5, 'w': 0.5}
2025-03-21 17:39:39,861 - pyswarms.single.global_best - INFO - Optimization finished | best cost: 706526.0010242483, best pos: [1.65941559e+03 1.62787564e+03 1.62534848e+03 1.89128470e+03
 1.75686115e+03 1.27300067e+03 2.42467978e+03 1.81060967e+03
 2.01623185e+03 2.75568999e+03 2.19367993e+03 1.98830771e+03
 6.32347246e-01 4.64366822e-02 5.21574271e-01 2.79903685e+00
 2.54335958e+00 1.98366095e-01 9.16916867e-01 2.58632990e-02
 4.92741334e-01 3.81862199e-02 4.81799849e-01 2.43495242e-01]
2025-03-21 17:40:16,746 - pyswarms.single.global_best - INFO - Optimize for 100 iters with {'c1': 1.5, 'c2': 1.5, 'w': 0.5}
2025-03-21 17:40:34,073 - pyswarms.single.global_best - INFO - Optimize for 100 iters with {'c1': 1.5, 'c2': 1.5, 'w': 0.5}
2025-03-21 17:40:34,761 - pyswarms.single.global_best - INFO - Optimization finished | best cost: 698458.3683744976, best pos: [2.22737967e+03 1.49437098e+03 1.57035838e+03 1.42295373e+03
 1.86384276e+03 1.38583435e+03 1.59598555e+03 1.34625369e+03
 1.31051665e+03 1.30910456e+03 2.34863735e+03 1.79673420e+03
 1.60826888e+00 4.82576684e-01 1.40959094e+00 7.66229203e-01
 2.51002393e+00 2.02180528e+00 3.75807950e+00 1.47491694e+00
 3.84541068e-01 1.92182192e-01 2.63189734e-01 2.52774876e+00]
2025-03-21 17:40:34,773 - pyswarms.single.global_best - INFO - Optimize for 100 iters with {'c1': 1.5, 'c2': 1.5, 'w': 0.5}
2025-03-21 17:40:35,479 - pyswarms.single.global_best - INFO - Optimization finished | best cost: 645130.1647080615, best pos: [1.42321181e+03 1.49357665e+03 1.58861180e+03 2.35516336e+03
 1.23087932e+03 1.69742791e+03 1.63102458e+03 1.59532566e+03
 1.76021024e+03 2.41958308e+03 1.51833726e+03 1.42968985e+03
 6.32810056e-01 1.80766300e+00 6.56364829e-01 1.08189132e+00
 9.60342511e-01 3.26459337e-01 2.20877854e+00 4.98712771e-01
 6.81883894e-01 1.72068127e+00 9.91788836e-02 1.00602587e-02]
2025-03-21 17:40:35,491 - pyswarms.single.global_best - INFO - Optimize for 100 iters with {'c1': 1.5, 'c2': 1.5, 'w': 0.5}
2025-03-21 17:40:36,219 - pyswarms.single.global_best - INFO - Optimization finished | best cost: 631033.7946265461, best pos: [1.39314580e+03 1.24042425e+03 1.91802475e+03 1.59396818e+03
 1.49843038e+03 1.24268665e+03 1.99914251e+03 1.20961367e+03
 1.59979897e+03 1.79536767e+03 1.81297756e+03 1.51434747e+03
 1.57107412e+00 3.94160413e-01 1.46395187e+00 1.49030914e+00
 5.24150969e-01 5.27673512e-01 5.21608425e-01 1.88836254e+00
 7.51787527e-01 9.09357150e-01 3.34609974e-01 2.52255092e+00]
2025-03-21 17:40:36,228 - pyswarms.single.global_best - INFO - Optimize for 100 iters with {'c1': 1.5, 'c2': 1.5, 'w': 0.5}
2025-03-21 17:40:36,895 - pyswarms.single.global_best - INFO - Optimization finished | best cost: 690615.5850960867, best pos: [1.75459564e+03 1.40444585e+03 2.13891759e+03 1.72568739e+03
 1.24565443e+03 1.69372632e+03 1.80712900e+03 1.24111582e+03
 1.90398978e+03 1.36511489e+03 1.59117635e+03 2.41138361e+03
 6.78826479e-01 1.84363963e+00 1.02975855e+00 2.01181770e+00
 2.68114183e+00 1.68026255e+00 3.55936423e-01 6.70342473e-01
 2.29089765e+00 5.57152433e-01 8.71176410e-01 1.20941342e-01]
2025-03-21 17:40:36,904 - pyswarms.single.global_best - INFO - Optimize for 100 iters with {'c1': 1.5, 'c2': 1.5, 'w': 0.5}
2025-03-21 17:40:37,690 - pyswarms.single.global_best - INFO - Optimization finished | best cost: 628802.8387359836, best pos: [1.75867796e+03 1.58262074e+03 1.86478230e+03 1.36079655e+03
 1.51148226e+03 1.35349393e+03 1.58846464e+03 1.74404753e+03
 1.29099252e+03 1.72365767e+03 1.44218833e+03 1.64196243e+03
 1.12866074e+00 1.57463043e-01 1.12118450e-01 1.64949753e+00
 1.25767582e+00 1.76910229e-01 1.50400693e+00 1.73985013e+00
 4.28858217e-01 9.19037672e-01 6.41138762e-01 2.51729440e+00]
2025-03-21 17:40:37,704 - pyswarms.single.global_best - INFO - Optimize for 100 iters with {'c1': 1.5, 'c2': 1.5, 'w': 0.5}
2025-03-21 17:40:38,435 - pyswarms.single.global_best - INFO - Optimization finished | best cost: 706144.9727544588, best pos: [1.98637327e+03 1.75933683e+03 1.42527603e+03 2.00985139e+03
 1.49183549e+03 1.28793916e+03 1.33887107e+03 2.07600381e+03
 2.20611587e+03 1.30770415e+03 1.88339921e+03 1.20738297e+03
 1.64341132e+00 9.66570235e-01 1.47357013e+00 1.24281714e+00
 2.16747984e+00 1.19580908e+00 8.99516486e-01 3.01178558e+00
 1.47331675e+00 7.43964673e-01 5.92846146e-01 1.85941364e+00]
2025-03-21 17:40:38,445 - pyswarms.single.global_best - INFO - Optimize for 100 iters with {'c1': 1.5, 'c2': 1.5, 'w': 0.5}
2025-03-21 17:40:39,158 - pyswarms.single.global_best - INFO - Optimization finished | best cost: 699199.918319036, best pos: [1.87659446e+03 1.72877112e+03 2.01524238e+03 1.96097208e+03
 1.32479412e+03 2.04305359e+03 1.59076475e+03 1.34123839e+03
 1.27994871e+03 1.92983678e+03 1.48348878e+03 1.87694031e+03
 9.23585248e-01 2.47505956e+00 5.92204284e-01 1.62536846e-02
 9.51119752e-01 1.12076652e+00 1.88091894e+00 1.74330881e+00
 2.66095947e+00 4.32792042e-01 1.11572125e+00 9.04733098e-01]
2025-03-21 17:40:39,174 - pyswarms.single.global_best - INFO - Optimize for 100 iters with {'c1': 1.5, 'c2': 1.5, 'w': 0.5}
2025-03-21 17:40:39,925 - pyswarms.single.global_best - INFO - Optimization finished | best cost: 705738.201309382, best pos: [1.48722193e+03 1.43397884e+03 1.64997339e+03 1.27319224e+03
 2.29785338e+03 1.81017345e+03 1.26388479e+03 2.08254777e+03
 1.29049425e+03 1.24279067e+03 1.89931809e+03 1.50456075e+03
 3.76792431e+00 9.87180994e-01 2.43884573e+00 2.06600352e-01
 5.63019957e-02 2.04363028e+00 9.51441334e-01 1.49967194e+00
 1.74148847e+00 1.37566831e+00 3.60070278e+00 7.81570729e-01]
2025-03-21 17:40:39,935 - pyswarms.single.global_best - INFO - Optimize for 100 iters with {'c1': 1.5, 'c2': 1.5, 'w': 0.5}
2025-03-21 17:40:40,608 - pyswarms.single.global_best - INFO - Optimization finished | best cost: 748287.171457705, best pos: [2.04910250e+03 1.79528595e+03 1.90693244e+03 1.27265988e+03
 1.44958544e+03 1.76972844e+03 1.66022342e+03 1.99594317e+03
 1.20473022e+03 1.95880304e+03 1.36272885e+03 2.38261846e+03
 1.38364063e+00 1.57815302e-01 2.29856325e+00 2.62811185e+00
 2.93790019e+00 2.16770025e+00 1.67329955e-01 1.07740820e-02
 3.35029738e+00 7.78394008e-01 2.56485986e+00 5.76595565e-01]
2025-03-21 17:40:40,618 - pyswarms.single.global_best - INFO - Optimize for 100 iters with {'c1': 1.5, 'c2': 1.5, 'w': 0.5}
2025-03-21 17:40:41,286 - pyswarms.single.global_best - INFO - Optimization finished | best cost: 635326.6865149768, best pos: [1.72925020e+03 1.22695810e+03 1.28383133e+03 1.67936940e+03
 1.61017922e+03 1.71463809e+03 1.92106787e+03 1.50698763e+03
 1.32274311e+03 1.47786952e+03 1.49988290e+03 1.32032563e+03
 2.30141459e+00 1.17524159e+00 1.05500278e+00 2.55223039e+00
 1.35938639e+00 1.08216135e+00 5.75576432e-01 1.40739825e+00
 1.79306652e+00 9.50527010e-02 4.47398321e-01 9.35907977e-01]
2025-03-21 17:40:41,295 - pyswarms.single.global_best - INFO - Optimize for 100 iters with {'c1': 1.5, 'c2': 1.5, 'w': 0.5}
2025-03-21 17:40:41,961 - pyswarms.single.global_best - INFO - Optimization finished | best cost: 699517.7432542389, best pos: [2.39849251e+03 2.37491044e+03 1.22081599e+03 1.20224694e+03
 1.59441222e+03 1.26099850e+03 1.30063087e+03 1.20200692e+03
 1.41019215e+03 1.32429928e+03 1.54787391e+03 2.38326431e+03
 3.32073867e+00 2.87180088e+00 3.37414676e-01 3.14609237e-01
 1.49168279e+00 1.67446697e+00 5.90036029e-01 1.25072117e-01
 2.21188183e+00 2.28370645e+00 1.06746271e+00 3.48699340e+00]
2025-03-21 17:40:41,974 - pyswarms.single.global_best - INFO - Optimize for 100 iters with {'c1': 1.5, 'c2': 1.5, 'w': 0.5}
2025-03-21 17:40:42,762 - pyswarms.single.global_best - INFO - Optimization finished | best cost: 698977.6814998217, best pos: [1.49051037e+03 2.45054907e+03 1.45967269e+03 1.92467187e+03
 1.61542830e+03 1.86727573e+03 1.87820236e+03 1.69310560e+03
 1.92548375e+03 1.47916128e+03 1.94109281e+03 1.44760169e+03
 5.13971856e-01 3.31728491e-01 9.50897839e-01 9.93513297e-01
 2.00125050e-01 5.63462610e-02 6.16229140e-01 3.33740836e+00
 2.28740339e+00 9.21220752e-01 9.29580891e-01 1.59519981e+00]
2025-03-21 17:40:42,771 - pyswarms.single.global_best - INFO - Optimize for 100 iters with {'c1': 1.5, 'c2': 1.5, 'w': 0.5}
2025-03-21 17:40:43,470 - pyswarms.single.global_best - INFO - Optimization finished | best cost: 695583.4333492508, best pos: [1.38611988e+03 1.68974622e+03 1.30548433e+03 2.03879833e+03
 2.26574485e+03 1.28899341e+03 1.89832074e+03 1.20973986e+03
 1.32840633e+03 1.59460467e+03 1.22209633e+03 2.23611747e+03
 1.13099556e+00 7.84602612e-01 8.15555106e-03 1.38782525e+00
 2.86198505e-01 1.21159928e+00 3.03038762e+00 1.36769528e+00
 3.14638737e+00 2.22704613e+00 1.96738295e+00 1.45218062e+00]
2025-03-21 17:40:43,480 - pyswarms.single.global_best - INFO - Optimize for 100 iters with {'c1': 1.5, 'c2': 1.5, 'w': 0.5}
2025-03-21 17:40:44,320 - pyswarms.single.global_best - INFO - Optimization finished | best cost: 659954.6444911595, best pos: [1.90374141e+03 1.50872340e+03 1.41589601e+03 1.47167241e+03
 1.98288113e+03 1.63459668e+03 1.73178227e+03 1.77523415e+03
 1.55140440e+03 1.43538467e+03 1.40635958e+03 2.13511658e+03
 1.34195771e+00 2.17817239e+00 1.54052390e-01 1.25206207e+00
 1.02479167e+00 8.00020930e-01 3.68641695e-01 6.37106061e-01
 9.21596622e-01 9.87529476e-01 2.07769535e+00 4.57273576e-01]
2025-03-21 17:40:44,333 - pyswarms.single.global_best - INFO - Optimize for 100 iters with {'c1': 1.5, 'c2': 1.5, 'w': 0.5}
2025-03-21 17:40:45,053 - pyswarms.single.global_best - INFO - Optimization finished | best cost: 635414.3359214145, best pos: [1.35757413e+03 1.87660080e+03 1.46467064e+03 1.43399509e+03
 1.35378551e+03 1.91753417e+03 1.41097177e+03 1.68012045e+03
 1.77657861e+03 1.26011207e+03 1.84716027e+03 1.80190121e+03
 6.77135830e-01 5.06954909e-01 4.11965937e-01 2.03995320e+00
 1.95065989e+00 3.72509852e-01 3.69007608e-01 2.99029023e-01
 9.06064154e-01 2.77630798e+00 7.10530512e-01 1.06781304e+00]
2025-03-21 17:40:45,064 - pyswarms.single.global_best - INFO - Optimize for 100 iters with {'c1': 1.5, 'c2': 1.5, 'w': 0.5}
2025-03-21 17:40:45,929 - pyswarms.single.global_best - INFO - Optimization finished | best cost: 651092.4265633395, best pos: [2.12463321e+03 1.74010836e+03 1.47458003e+03 1.51253110e+03
 1.39494891e+03 1.51629089e+03 2.26943455e+03 1.24668432e+03
 2.03369718e+03 1.59876285e+03 1.47322592e+03 1.91599399e+03
 2.75655025e-01 6.07984756e-01 7.90401654e-01 3.82302069e-01
 2.86767058e-02 1.75342830e+00 1.04263139e+00 3.04140737e+00
 5.76247270e-01 1.01928356e+00 2.59480043e-01 8.41189527e-01]
2025-03-21 17:40:45,938 - pyswarms.single.global_best - INFO - Optimize for 100 iters with {'c1': 1.5, 'c2': 1.5, 'w': 0.5}
2025-03-21 17:40:46,644 - pyswarms.single.global_best - INFO - Optimization finished | best cost: 657610.4354718046, best pos: [2.29810830e+03 1.40902308e+03 1.24284742e+03 1.22934506e+03
 1.53499368e+03 1.56684150e+03 1.40816780e+03 2.45317123e+03
 1.51697865e+03 1.76049748e+03 1.31407334e+03 1.54765933e+03
 2.73847779e+00 3.81289892e-01 2.90279195e-01 1.78059055e+00
 7.35259869e-02 1.68200157e+00 1.70624280e-01 7.33454315e-01
 3.76211922e+00 2.15873633e+00 6.62042303e-01 2.92761696e-01]
2025-03-21 17:40:46,654 - pyswarms.single.global_best - INFO - Optimize for 100 iters with {'c1': 1.5, 'c2': 1.5, 'w': 0.5}
2025-03-21 17:40:47,390 - pyswarms.single.global_best - INFO - Optimization finished | best cost: 698441.4122002997, best pos: [1.30251345e+03 1.55112915e+03 1.20314105e+03 1.99837750e+03
 2.05581923e+03 1.52071938e+03 2.06361295e+03 1.30067503e+03
 1.74396374e+03 1.87506792e+03 1.56077941e+03 1.80850537e+03
 2.89353242e+00 3.10261788e+00 5.88652686e-01 3.66458991e-01
 2.60439910e+00 6.69092730e-01 1.53690033e+00 1.77453320e+00
 6.37141237e-01 9.20330194e-01 7.65148369e-01 3.50285705e-01]
2025-03-21 17:40:47,405 - pyswarms.single.global_best - INFO - Optimize for 100 iters with {'c1': 1.5, 'c2': 1.5, 'w': 0.5}
2025-03-21 17:40:48,163 - pyswarms.single.global_best - INFO - Optimization finished | best cost: 678417.6013022319, best pos: [1.64421740e+03 1.48584060e+03 1.78150264e+03 1.35335313e+03
 1.34253679e+03 1.45984052e+03 1.35599985e+03 1.79129760e+03
 1.68737803e+03 1.42239005e+03 1.46017400e+03 1.75687500e+03
 8.06320295e-01 8.76274258e-02 2.85264925e+00 1.78005783e+00
 4.82338050e-01 8.45096945e-01 1.64418839e+00 1.84881709e+00
 2.91404908e-01 2.75811049e+00 1.87378089e+00 2.91521773e+00]
2025-03-21 17:40:48,173 - pyswarms.single.global_best - INFO - Optimize for 100 iters with {'c1': 1.5, 'c2': 1.5, 'w': 0.5}
2025-03-21 17:40:48,860 - pyswarms.single.global_best - INFO - Optimization finished | best cost: 708098.8439104306, best pos: [1.34716126e+03 1.78116306e+03 2.30538316e+03 2.01780723e+03
 2.00476772e+03 1.72677905e+03 1.66191240e+03 1.32216930e+03
 2.25786933e+03 1.62281764e+03 1.24948785e+03 2.16287881e+03
 7.25811650e-01 9.94998954e-01 4.83361504e-01 8.84689914e-02
 8.77498478e-01 3.86865049e-01 4.97646627e-01 3.34861518e+00
 1.20465062e+00 2.07794608e+00 7.31708724e-01 1.77609442e+00]
2025-03-21 17:40:48,871 - pyswarms.single.global_best - INFO - Optimize for 100 iters with {'c1': 1.5, 'c2': 1.5, 'w': 0.5}
2025-03-21 17:40:49,598 - pyswarms.single.global_best - INFO - Optimization finished | best cost: 693746.45888189, best pos: [1.70524285e+03 2.22226343e+03 1.34188789e+03 1.57688275e+03
 1.48332148e+03 1.42734306e+03 1.61639680e+03 1.30127466e+03
 1.61746703e+03 1.70233887e+03 1.87353305e+03 2.40486142e+03
 2.40276711e+00 7.22780512e-01 1.77296401e+00 5.48882477e-01
 9.51142417e-02 6.31875734e-01 2.69810717e-01 1.96999280e+00
 2.77988690e+00 1.68833119e+00 5.60822354e-01 1.58898604e+00]
2025-03-21 17:40:49,608 - pyswarms.single.global_best - INFO - Optimize for 100 iters with {'c1': 1.5, 'c2': 1.5, 'w': 0.5}
2025-03-21 17:40:50,316 - pyswarms.single.global_best - INFO - Optimization finished | best cost: 719572.8100452247, best pos: [2.27161701e+03 1.83190955e+03 1.27351418e+03 2.34979049e+03
 2.48610958e+03 1.47110697e+03 1.66285315e+03 2.71133216e+03
 1.23958926e+03 1.88480016e+03 1.48065764e+03 1.21951729e+03
 5.59488747e-01 4.79788634e-01 1.10592657e-01 2.28217798e+00
 2.16327997e+00 2.51699962e+00 7.78180463e-02 2.38270391e-01
 4.28616530e+00 5.12983549e-01 7.73568476e-02 9.05887639e-01]
2025-03-21 17:40:50,327 - pyswarms.single.global_best - INFO - Optimize for 100 iters with {'c1': 1.5, 'c2': 1.5, 'w': 0.5}
2025-03-21 17:40:51,027 - pyswarms.single.global_best - INFO - Optimization finished | best cost: 693790.4172074276, best pos: [1.73741758e+03 1.27836415e+03 1.23681261e+03 2.18974774e+03
 1.27027073e+03 1.58214205e+03 1.22682000e+03 2.21638586e+03
 1.69468480e+03 2.64402521e+03 1.86258489e+03 2.47578845e+03
 1.82578222e+00 4.98205506e-01 2.42248745e-01 9.59601138e-01
 8.77872554e-01 1.45645319e+00 7.36985003e-01 9.39277327e-01
 1.61161756e+00 2.01871151e+00 1.61383346e+00 5.88939323e-03]
2025-03-21 17:40:51,040 - pyswarms.single.global_best - INFO - Optimize for 100 iters with {'c1': 1.5, 'c2': 1.5, 'w': 0.5}
2025-03-21 17:40:51,733 - pyswarms.single.global_best - INFO - Optimization finished | best cost: 664787.1171346401, best pos: [1.28374487e+03 1.34773900e+03 1.53937494e+03 2.36595014e+03
 1.76209748e+03 1.30721612e+03 1.62906969e+03 1.39822376e+03
 1.47015521e+03 1.33476696e+03 1.48931811e+03 1.62004471e+03
 1.85684254e+00 2.22673166e+00 7.35665088e-01 8.93643500e-01
 2.87043086e+00 7.28294128e-02 1.56621033e+00 8.49840613e-01
 2.37577268e+00 1.01167300e+00 1.79225840e+00 9.94526526e-01]
2025-03-21 17:40:51,742 - pyswarms.single.global_best - INFO - Optimize for 100 iters with {'c1': 1.5, 'c2': 1.5, 'w': 0.5}
2025-03-21 17:40:52,437 - pyswarms.single.global_best - INFO - Optimization finished | best cost: 703813.4158162242, best pos: [1.42057287e+03 1.31735604e+03 1.92165773e+03 1.47401035e+03
 1.43007216e+03 1.49009970e+03 2.31435634e+03 1.90799133e+03
 2.19219783e+03 1.35543843e+03 2.40058092e+03 1.96802662e+03
 1.92944605e+00 1.06513718e-01 3.68434129e-02 3.39379469e+00
 1.23224992e+00 1.26297615e+00 6.58158145e-01 1.47386861e+00
 4.69067922e-01 7.54892975e-02 2.16101275e+00 9.07628625e-01]
2025-03-21 17:40:52,447 - pyswarms.single.global_best - INFO - Optimize for 100 iters with {'c1': 1.5, 'c2': 1.5, 'w': 0.5}
2025-03-21 17:40:53,156 - pyswarms.single.global_best - INFO - Optimization finished | best cost: 712578.2046778975, best pos: [1.39029368e+03 1.61566535e+03 1.61592787e+03 1.97281337e+03
 1.83906982e+03 1.46197330e+03 1.37064474e+03 1.66810820e+03
 1.27630969e+03 1.50567187e+03 1.94354418e+03 2.16513932e+03
 2.62957541e+00 4.26904678e-01 2.98090614e-01 3.80961925e+00
 3.48069909e-01 2.47693823e-01 1.52412572e+00 2.34803047e+00
 2.18826113e+00 1.67559871e+00 4.36714726e-01 2.04299816e+00]
2025-03-21 17:40:53,168 - pyswarms.single.global_best - INFO - Optimize for 100 iters with {'c1': 1.5, 'c2': 1.5, 'w': 0.5}
2025-03-21 17:40:53,876 - pyswarms.single.global_best - INFO - Optimization finished | best cost: 702665.7407285882, best pos: [1.59784393e+03 1.20305344e+03 1.43723251e+03 1.59128786e+03
 1.38217692e+03 2.04470911e+03 2.80482606e+03 2.40719417e+03
 2.58544566e+03 1.40491352e+03 1.29680373e+03 2.24698551e+03
 2.41101785e-01 2.29313598e-01 5.15390719e-01 1.17855754e+00
 1.75288610e+00 3.82753342e-01 4.09221737e-01 1.46149612e+00
 7.12586550e-02 4.53858686e-01 4.12862129e+00 1.65309217e+00]
2025-03-21 17:40:53,888 - pyswarms.single.global_best - INFO - Optimize for 100 iters with {'c1': 1.5, 'c2': 1.5, 'w': 0.5}
2025-03-21 17:40:54,572 - pyswarms.single.global_best - INFO - Optimization finished | best cost: 667410.3648029217, best pos: [1.49787125e+03 1.38480922e+03 1.42958576e+03 1.46593582e+03
 1.36121396e+03 1.52200230e+03 2.13308066e+03 1.33589792e+03
 2.01394665e+03 1.36860608e+03 2.07684528e+03 1.30437062e+03
 2.70897889e-01 1.30986783e+00 2.26413536e+00 2.56342756e+00
 3.06911425e+00 8.61691888e-01 1.59220575e+00 8.16859773e-01
 7.08484109e-01 3.55522460e-02 8.03662369e-01 2.17815590e+00]
2025-03-21 17:40:54,586 - pyswarms.single.global_best - INFO - Optimize for 100 iters with {'c1': 1.5, 'c2': 1.5, 'w': 0.5}
2025-03-21 17:40:55,292 - pyswarms.single.global_best - INFO - Optimization finished | best cost: 677409.1221122785, best pos: [1.33917177e+03 1.90560151e+03 1.26909083e+03 1.82116920e+03
 1.77402363e+03 1.79543046e+03 1.62147153e+03 2.13547977e+03
 1.54912599e+03 2.21250737e+03 1.54636150e+03 1.89916267e+03
 3.24107495e-01 1.16402372e+00 2.17751171e+00 1.34685171e+00
 1.28249085e-01 3.17545801e-01 1.08291135e-01 1.57884446e+00
 1.80275724e+00 1.04457577e+00 5.84479340e-01 8.47763884e-01]
2025-03-21 17:40:55,308 - pyswarms.single.global_best - INFO - Optimize for 100 iters with {'c1': 1.5, 'c2': 1.5, 'w': 0.5}
2025-03-21 17:40:56,031 - pyswarms.single.global_best - INFO - Optimization finished | best cost: 641792.7870009838, best pos: [1.27030810e+03 1.33927573e+03 1.80481827e+03 1.59421678e+03
 1.27802060e+03 1.65429049e+03 1.47148496e+03 1.32021648e+03
 1.36871063e+03 1.74136958e+03 1.99214822e+03 1.56429625e+03
 3.06571064e+00 8.42321458e-01 3.05045001e-01 2.26689050e+00
 1.52294223e+00 2.10517509e+00 4.69458283e-01 2.40040464e-01
 1.13897394e+00 6.32457493e-01 1.73144801e+00 8.34964803e-01]
2025-03-21 17:40:56,043 - pyswarms.single.global_best - INFO - Optimize for 100 iters with {'c1': 1.5, 'c2': 1.5, 'w': 0.5}
2025-03-21 17:40:56,871 - pyswarms.single.global_best - INFO - Optimization finished | best cost: 742265.6695705361, best pos: [2.21317854e+03 1.20932480e+03 2.02645317e+03 1.22339534e+03
 1.26735677e+03 1.39516303e+03 1.76328473e+03 2.15401644e+03
 2.00760310e+03 2.22710152e+03 1.83717318e+03 1.82004922e+03
 1.92181447e+00 1.16072862e+00 1.24188025e+00 1.29989264e+00
 1.29673980e+00 1.44341151e+00 1.27006019e+00 1.63133383e+00
 1.54038408e+00 2.03523765e+00 3.96279730e-01 2.42051074e+00]
